INFO: [VRFC 10-2263] Analyzing Verilog file "C:/IITB/VLSI DESIGN LAB/vivado/vivadofiles/axi4lite_part_b/axi4lite_part_b.sim/sim_1/impl/timing/xsim/axi4lite_tb_time_impl.v" into library xil_defaultlib
INFO: [VRFC 10-311] analyzing module RAM32M_UNIQ_BASE_
INFO: [VRFC 10-311] analyzing module RAM32M_HD95
INFO: [VRFC 10-311] analyzing module RAM32M_HD96
INFO: [VRFC 10-311] analyzing module RAM32M_HD97
INFO: [VRFC 10-311] analyzing module RAM32M_HD98
INFO: [VRFC 10-311] analyzing module RAM32M_HD99
INFO: [VRFC 10-311] analyzing module dbg_hub
INFO: [VRFC 10-311] analyzing module dbg_hub_clk_x_pntrs
INFO: [VRFC 10-311] analyzing module dbg_hub_clk_x_pntrs_8
INFO: [VRFC 10-311] analyzing module dbg_hub_dmem
INFO: [VRFC 10-311] analyzing module dbg_hub_dmem_14
INFO: [VRFC 10-311] analyzing module dbg_hub_fifo_generator_ramfifo
INFO: [VRFC 10-311] analyzing module dbg_hub_fifo_generator_ramfifo__parameterized0
INFO: [VRFC 10-311] analyzing module dbg_hub_fifo_generator_top
INFO: [VRFC 10-311] analyzing module dbg_hub_fifo_generator_top__parameterized0
INFO: [VRFC 10-311] analyzing module dbg_hub_fifo_generator_v13_1_4
INFO: [VRFC 10-311] analyzing module dbg_hub_fifo_generator_v13_1_4__parameterized0
INFO: [VRFC 10-311] analyzing module dbg_hub_fifo_generator_v13_1_4_synth
INFO: [VRFC 10-311] analyzing module dbg_hub_fifo_generator_v13_1_4_synth__parameterized0
INFO: [VRFC 10-311] analyzing module dbg_hub_ltlib_v1_0_0_bscan
INFO: [VRFC 10-311] analyzing module dbg_hub_ltlib_v1_0_0_generic_mux
INFO: [VRFC 10-311] analyzing module dbg_hub_memory
INFO: [VRFC 10-311] analyzing module dbg_hub_memory__parameterized0
INFO: [VRFC 10-311] analyzing module dbg_hub_rd_bin_cntr
INFO: [VRFC 10-311] analyzing module dbg_hub_rd_bin_cntr_19
INFO: [VRFC 10-311] analyzing module dbg_hub_rd_fwft
INFO: [VRFC 10-311] analyzing module dbg_hub_rd_handshaking_flags
INFO: [VRFC 10-311] analyzing module dbg_hub_rd_handshaking_flags__parameterized0
INFO: [VRFC 10-311] analyzing module dbg_hub_rd_logic
INFO: [VRFC 10-311] analyzing module dbg_hub_rd_logic__parameterized0
INFO: [VRFC 10-311] analyzing module dbg_hub_rd_status_flags_as
INFO: [VRFC 10-311] analyzing module dbg_hub_rd_status_flags_as_18
INFO: [VRFC 10-311] analyzing module dbg_hub_reset_blk_ramfifo
INFO: [VRFC 10-311] analyzing module dbg_hub_reset_blk_ramfifo_9
INFO: [VRFC 10-311] analyzing module dbg_hub_synchronizer_ff
INFO: [VRFC 10-311] analyzing module dbg_hub_synchronizer_ff_10
INFO: [VRFC 10-311] analyzing module dbg_hub_synchronizer_ff_11
INFO: [VRFC 10-311] analyzing module dbg_hub_synchronizer_ff_12
INFO: [VRFC 10-311] analyzing module dbg_hub_synchronizer_ff_13
INFO: [VRFC 10-311] analyzing module dbg_hub_synchronizer_ff_2
INFO: [VRFC 10-311] analyzing module dbg_hub_synchronizer_ff_3
INFO: [VRFC 10-311] analyzing module dbg_hub_synchronizer_ff_4
INFO: [VRFC 10-311] analyzing module dbg_hub_synchronizer_ff__parameterized0
INFO: [VRFC 10-311] analyzing module dbg_hub_synchronizer_ff__parameterized0_20
INFO: [VRFC 10-311] analyzing module dbg_hub_synchronizer_ff__parameterized0_21
INFO: [VRFC 10-311] analyzing module dbg_hub_synchronizer_ff__parameterized0_22
INFO: [VRFC 10-311] analyzing module dbg_hub_synchronizer_ff__parameterized0_23
INFO: [VRFC 10-311] analyzing module dbg_hub_synchronizer_ff__parameterized0_5
INFO: [VRFC 10-311] analyzing module dbg_hub_synchronizer_ff__parameterized0_6
INFO: [VRFC 10-311] analyzing module dbg_hub_synchronizer_ff__parameterized0_7
INFO: [VRFC 10-311] analyzing module dbg_hub_wr_bin_cntr
INFO: [VRFC 10-311] analyzing module dbg_hub_wr_bin_cntr_17
INFO: [VRFC 10-311] analyzing module dbg_hub_wr_handshaking_flags
INFO: [VRFC 10-311] analyzing module dbg_hub_wr_handshaking_flags_16
INFO: [VRFC 10-311] analyzing module dbg_hub_wr_logic
INFO: [VRFC 10-311] analyzing module dbg_hub_wr_logic__parameterized0
INFO: [VRFC 10-311] analyzing module dbg_hub_wr_status_flags_as
INFO: [VRFC 10-311] analyzing module dbg_hub_wr_status_flags_as_15
INFO: [VRFC 10-311] analyzing module dbg_hub_xsdbm_v3_0_0_addr_ctl
INFO: [VRFC 10-311] analyzing module dbg_hub_xsdbm_v3_0_0_bscan_switch
INFO: [VRFC 10-311] analyzing module dbg_hub_xsdbm_v3_0_0_burst_wdlen_ctl
INFO: [VRFC 10-311] analyzing module dbg_hub_xsdbm_v3_0_0_bus_ctl
INFO: [VRFC 10-311] analyzing module dbg_hub_xsdbm_v3_0_0_bus_ctl_cnt
INFO: [VRFC 10-311] analyzing module dbg_hub_xsdbm_v3_0_0_bus_ctl_flg
INFO: [VRFC 10-311] analyzing module dbg_hub_xsdbm_v3_0_0_bus_ctl_flg__parameterized0
INFO: [VRFC 10-311] analyzing module dbg_hub_xsdbm_v3_0_0_bus_mstr2sl_if
INFO: [VRFC 10-311] analyzing module dbg_hub_xsdbm_v3_0_0_cmd_decode
INFO: [VRFC 10-311] analyzing module dbg_hub_xsdbm_v3_0_0_ctl_reg
INFO: [VRFC 10-311] analyzing module dbg_hub_xsdbm_v3_0_0_ctl_reg_1
INFO: [VRFC 10-311] analyzing module dbg_hub_xsdbm_v3_0_0_ctl_reg__parameterized0
INFO: [VRFC 10-311] analyzing module dbg_hub_xsdbm_v3_0_0_ctl_reg__parameterized1
INFO: [VRFC 10-311] analyzing module dbg_hub_xsdbm_v3_0_0_icon
INFO: [VRFC 10-311] analyzing module dbg_hub_xsdbm_v3_0_0_icon2xsdb
INFO: [VRFC 10-311] analyzing module dbg_hub_xsdbm_v3_0_0_if
INFO: [VRFC 10-311] analyzing module dbg_hub_xsdbm_v3_0_0_if_static_status
INFO: [VRFC 10-311] analyzing module dbg_hub_xsdbm_v3_0_0_rdfifo
INFO: [VRFC 10-311] analyzing module dbg_hub_xsdbm_v3_0_0_rdreg
INFO: [VRFC 10-311] analyzing module dbg_hub_xsdbm_v3_0_0_stat
INFO: [VRFC 10-311] analyzing module dbg_hub_xsdbm_v3_0_0_stat_reg
INFO: [VRFC 10-311] analyzing module dbg_hub_xsdbm_v3_0_0_stat_reg_0
INFO: [VRFC 10-311] analyzing module dbg_hub_xsdbm_v3_0_0_stat_reg__parameterized0
INFO: [VRFC 10-311] analyzing module dbg_hub_xsdbm_v3_0_0_sync
INFO: [VRFC 10-311] analyzing module dbg_hub_xsdbm_v3_0_0_wrfifo
INFO: [VRFC 10-311] analyzing module dbg_hub_xsdbm_v3_0_0_wrreg
INFO: [VRFC 10-311] analyzing module dbg_hub_xsdbm_v3_0_0_xsdbm
INFO: [VRFC 10-311] analyzing module dbg_hub_xsdbm_v3_0_0_xsdbm_id
INFO: [VRFC 10-311] analyzing module design_1
INFO: [VRFC 10-311] analyzing module design_1_axi4lite_dadda_master_0_0
INFO: [VRFC 10-311] analyzing module design_1_axi4lite_dadda_master_0_0_axi4lite_dadda_master
INFO: [VRFC 10-311] analyzing module design_1_axi_bram_ctrl_0_0
INFO: [VRFC 10-311] analyzing module design_1_axi_bram_ctrl_0_0_axi_bram_ctrl
INFO: [VRFC 10-311] analyzing module design_1_axi_bram_ctrl_0_0_axi_bram_ctrl_top
INFO: [VRFC 10-311] analyzing module design_1_axi_bram_ctrl_0_0_axi_lite
INFO: [VRFC 10-311] analyzing module design_1_blk_mem_gen_0_0
INFO: [VRFC 10-311] analyzing module design_1_clk_wiz_0_0
INFO: [VRFC 10-311] analyzing module design_1_clk_wiz_0_0_design_1_clk_wiz_0_0_clk_wiz
INFO: [VRFC 10-311] analyzing module design_1_ila_0_0
INFO: [VRFC 10-311] analyzing module design_1_vio_0_0
INFO: [VRFC 10-311] analyzing module design_1_wrapper
INFO: [VRFC 10-311] analyzing module CFGLUT5_UNIQ_BASE_
INFO: [VRFC 10-311] analyzing module CFGLUT5_HD100
INFO: [VRFC 10-311] analyzing module CFGLUT5_HD101
INFO: [VRFC 10-311] analyzing module CFGLUT5_HD102
INFO: [VRFC 10-311] analyzing module CFGLUT5_HD103
INFO: [VRFC 10-311] analyzing module CFGLUT5_HD104
INFO: [VRFC 10-311] analyzing module CFGLUT5_HD105
INFO: [VRFC 10-311] analyzing module CFGLUT5_HD106
INFO: [VRFC 10-311] analyzing module CFGLUT5_HD107
INFO: [VRFC 10-311] analyzing module CFGLUT5_HD108
INFO: [VRFC 10-311] analyzing module CFGLUT5_HD109
INFO: [VRFC 10-311] analyzing module CFGLUT5_HD110
INFO: [VRFC 10-311] analyzing module CFGLUT5_HD111
INFO: [VRFC 10-311] analyzing module CFGLUT5_HD112
INFO: [VRFC 10-311] analyzing module CFGLUT5_HD113
INFO: [VRFC 10-311] analyzing module CFGLUT5_HD114
INFO: [VRFC 10-311] analyzing module CFGLUT5_HD115
INFO: [VRFC 10-311] analyzing module CFGLUT5_HD116
INFO: [VRFC 10-311] analyzing module CFGLUT5_HD117
INFO: [VRFC 10-311] analyzing module CFGLUT5_HD118
INFO: [VRFC 10-311] analyzing module CFGLUT5_HD119
INFO: [VRFC 10-311] analyzing module CFGLUT5_HD120
INFO: [VRFC 10-311] analyzing module CFGLUT5_HD121
INFO: [VRFC 10-311] analyzing module CFGLUT5_HD122
INFO: [VRFC 10-311] analyzing module CFGLUT5_HD123
INFO: [VRFC 10-311] analyzing module CFGLUT5_HD124
INFO: [VRFC 10-311] analyzing module CFGLUT5_HD125
INFO: [VRFC 10-311] analyzing module CFGLUT5_HD126
INFO: [VRFC 10-311] analyzing module CFGLUT5_HD127
INFO: [VRFC 10-311] analyzing module CFGLUT5_HD128
INFO: [VRFC 10-311] analyzing module CFGLUT5_HD129
INFO: [VRFC 10-311] analyzing module CFGLUT5_HD130
INFO: [VRFC 10-311] analyzing module CFGLUT5_HD131
INFO: [VRFC 10-311] analyzing module CFGLUT5_HD132
INFO: [VRFC 10-311] analyzing module CFGLUT5_HD133
INFO: [VRFC 10-311] analyzing module CFGLUT5_HD134
INFO: [VRFC 10-311] analyzing module CFGLUT5_HD135
INFO: [VRFC 10-311] analyzing module CFGLUT5_HD136
INFO: [VRFC 10-311] analyzing module CFGLUT5_HD137
INFO: [VRFC 10-311] analyzing module CFGLUT5_HD138
INFO: [VRFC 10-311] analyzing module CFGLUT5_HD139
INFO: [VRFC 10-311] analyzing module CFGLUT5_HD140
INFO: [VRFC 10-311] analyzing module CFGLUT5_HD141
INFO: [VRFC 10-311] analyzing module CFGLUT5_HD142
INFO: [VRFC 10-311] analyzing module CFGLUT5_HD143
INFO: [VRFC 10-311] analyzing module CFGLUT5_HD144
INFO: [VRFC 10-311] analyzing module CFGLUT5_HD145
INFO: [VRFC 10-311] analyzing module CFGLUT5_HD146
INFO: [VRFC 10-311] analyzing module design_1_ila_0_0_ila_v6_2_11_ila
INFO: [VRFC 10-311] analyzing module design_1_ila_0_0_ila_v6_2_11_ila_cap_addrgen
INFO: [VRFC 10-311] analyzing module design_1_ila_0_0_ila_v6_2_11_ila_cap_ctrl_legacy
INFO: [VRFC 10-311] analyzing module design_1_ila_0_0_ila_v6_2_11_ila_cap_sample_counter
INFO: [VRFC 10-311] analyzing module design_1_ila_0_0_ila_v6_2_11_ila_cap_window_counter
INFO: [VRFC 10-311] analyzing module design_1_ila_0_0_ila_v6_2_11_ila_core
INFO: [VRFC 10-311] analyzing module design_1_ila_0_0_ila_v6_2_11_ila_register
INFO: [VRFC 10-311] analyzing module design_1_ila_0_0_ila_v6_2_11_ila_reset_ctrl
INFO: [VRFC 10-311] analyzing module design_1_ila_0_0_ila_v6_2_11_ila_trace_memory
INFO: [VRFC 10-311] analyzing module design_1_ila_0_0_ila_v6_2_11_ila_trig_match
INFO: [VRFC 10-311] analyzing module design_1_ila_0_0_ila_v6_2_11_ila_trigger
INFO: [VRFC 10-311] analyzing module design_1_ila_0_0_ltlib_v1_0_0_all_typeA
INFO: [VRFC 10-311] analyzing module design_1_ila_0_0_ltlib_v1_0_0_all_typeA_3
INFO: [VRFC 10-311] analyzing module design_1_ila_0_0_ltlib_v1_0_0_all_typeA__parameterized0
INFO: [VRFC 10-311] analyzing module design_1_ila_0_0_ltlib_v1_0_0_all_typeA__parameterized1
INFO: [VRFC 10-311] analyzing module design_1_ila_0_0_ltlib_v1_0_0_all_typeA__parameterized1_30
INFO: [VRFC 10-311] analyzing module design_1_ila_0_0_ltlib_v1_0_0_all_typeA__parameterized1_38
INFO: [VRFC 10-311] analyzing module design_1_ila_0_0_ltlib_v1_0_0_all_typeA_slice
INFO: [VRFC 10-311] analyzing module design_1_ila_0_0_ltlib_v1_0_0_all_typeA_slice_2
INFO: [VRFC 10-311] analyzing module design_1_ila_0_0_ltlib_v1_0_0_all_typeA_slice_4
INFO: [VRFC 10-311] analyzing module design_1_ila_0_0_ltlib_v1_0_0_all_typeA_slice__parameterized0
INFO: [VRFC 10-311] analyzing module design_1_ila_0_0_ltlib_v1_0_0_all_typeA_slice__parameterized0_0
INFO: [VRFC 10-311] analyzing module design_1_ila_0_0_ltlib_v1_0_0_all_typeA_slice__parameterized0_1
INFO: [VRFC 10-311] analyzing module design_1_ila_0_0_ltlib_v1_0_0_all_typeA_slice__parameterized1
INFO: [VRFC 10-311] analyzing module design_1_ila_0_0_ltlib_v1_0_0_all_typeA_slice__parameterized1_31
INFO: [VRFC 10-311] analyzing module design_1_ila_0_0_ltlib_v1_0_0_all_typeA_slice__parameterized1_39
INFO: [VRFC 10-311] analyzing module design_1_ila_0_0_ltlib_v1_0_0_all_typeA_slice__parameterized2
INFO: [VRFC 10-311] analyzing module design_1_ila_0_0_ltlib_v1_0_0_all_typeA_slice__parameterized2_32
INFO: [VRFC 10-311] analyzing module design_1_ila_0_0_ltlib_v1_0_0_all_typeA_slice__parameterized2_40
INFO: [VRFC 10-311] analyzing module design_1_ila_0_0_ltlib_v1_0_0_allx_typeA
INFO: [VRFC 10-311] analyzing module design_1_ila_0_0_ltlib_v1_0_0_allx_typeA__parameterized0
INFO: [VRFC 10-311] analyzing module design_1_ila_0_0_ltlib_v1_0_0_allx_typeA__parameterized1
INFO: [VRFC 10-311] analyzing module design_1_ila_0_0_ltlib_v1_0_0_allx_typeA_nodelay
INFO: [VRFC 10-311] analyzing module design_1_ila_0_0_ltlib_v1_0_0_allx_typeA_nodelay_29
INFO: [VRFC 10-311] analyzing module design_1_ila_0_0_ltlib_v1_0_0_allx_typeA_nodelay_37
INFO: [VRFC 10-311] analyzing module design_1_ila_0_0_ltlib_v1_0_0_async_edge_xfer
INFO: [VRFC 10-311] analyzing module design_1_ila_0_0_ltlib_v1_0_0_async_edge_xfer_5
INFO: [VRFC 10-311] analyzing module design_1_ila_0_0_ltlib_v1_0_0_async_edge_xfer_6
INFO: [VRFC 10-311] analyzing module design_1_ila_0_0_ltlib_v1_0_0_async_edge_xfer_7
INFO: [VRFC 10-311] analyzing module design_1_ila_0_0_ltlib_v1_0_0_cfglut4
INFO: [VRFC 10-311] analyzing module design_1_ila_0_0_ltlib_v1_0_0_cfglut4_33
INFO: [VRFC 10-311] analyzing module design_1_ila_0_0_ltlib_v1_0_0_cfglut5
INFO: [VRFC 10-311] analyzing module design_1_ila_0_0_ltlib_v1_0_0_cfglut5_27
INFO: [VRFC 10-311] analyzing module design_1_ila_0_0_ltlib_v1_0_0_cfglut5_34
INFO: [VRFC 10-311] analyzing module design_1_ila_0_0_ltlib_v1_0_0_cfglut6
INFO: [VRFC 10-311] analyzing module design_1_ila_0_0_ltlib_v1_0_0_cfglut6_35
INFO: [VRFC 10-311] analyzing module design_1_ila_0_0_ltlib_v1_0_0_cfglut6__parameterized0
INFO: [VRFC 10-311] analyzing module design_1_ila_0_0_ltlib_v1_0_0_cfglut7
INFO: [VRFC 10-311] analyzing module design_1_ila_0_0_ltlib_v1_0_0_cfglut7_26
INFO: [VRFC 10-311] analyzing module design_1_ila_0_0_ltlib_v1_0_0_generic_memrd
INFO: [VRFC 10-311] analyzing module design_1_ila_0_0_ltlib_v1_0_0_match
INFO: [VRFC 10-311] analyzing module design_1_ila_0_0_ltlib_v1_0_0_match__parameterized0
INFO: [VRFC 10-311] analyzing module design_1_ila_0_0_ltlib_v1_0_0_match__parameterized1
INFO: [VRFC 10-311] analyzing module design_1_ila_0_0_ltlib_v1_0_0_match_nodelay
INFO: [VRFC 10-311] analyzing module design_1_ila_0_0_ltlib_v1_0_0_match_nodelay_28
INFO: [VRFC 10-311] analyzing module design_1_ila_0_0_ltlib_v1_0_0_match_nodelay_36
INFO: [VRFC 10-311] analyzing module design_1_ila_0_0_ltlib_v1_0_0_rising_edge_detection
INFO: [VRFC 10-311] analyzing module design_1_ila_0_0_ltlib_v1_0_0_rising_edge_detection_8
INFO: [VRFC 10-311] analyzing module design_1_ila_0_0_xsdbs_v1_0_2_reg__parameterized13
INFO: [VRFC 10-311] analyzing module design_1_ila_0_0_xsdbs_v1_0_2_reg__parameterized14
INFO: [VRFC 10-311] analyzing module design_1_ila_0_0_xsdbs_v1_0_2_reg__parameterized15
INFO: [VRFC 10-311] analyzing module design_1_ila_0_0_xsdbs_v1_0_2_reg__parameterized16
INFO: [VRFC 10-311] analyzing module design_1_ila_0_0_xsdbs_v1_0_2_reg__parameterized28
INFO: [VRFC 10-311] analyzing module design_1_ila_0_0_xsdbs_v1_0_2_reg__parameterized29
INFO: [VRFC 10-311] analyzing module design_1_ila_0_0_xsdbs_v1_0_2_reg__parameterized30
INFO: [VRFC 10-311] analyzing module design_1_ila_0_0_xsdbs_v1_0_2_reg__parameterized31
INFO: [VRFC 10-311] analyzing module design_1_ila_0_0_xsdbs_v1_0_2_reg__parameterized32
INFO: [VRFC 10-311] analyzing module design_1_ila_0_0_xsdbs_v1_0_2_reg__parameterized33
INFO: [VRFC 10-311] analyzing module design_1_ila_0_0_xsdbs_v1_0_2_reg__parameterized34
INFO: [VRFC 10-311] analyzing module design_1_ila_0_0_xsdbs_v1_0_2_reg__parameterized35
INFO: [VRFC 10-311] analyzing module design_1_ila_0_0_xsdbs_v1_0_2_reg__parameterized36
INFO: [VRFC 10-311] analyzing module design_1_ila_0_0_xsdbs_v1_0_2_reg__parameterized37
INFO: [VRFC 10-311] analyzing module design_1_ila_0_0_xsdbs_v1_0_2_reg__parameterized38
INFO: [VRFC 10-311] analyzing module design_1_ila_0_0_xsdbs_v1_0_2_reg__parameterized39
INFO: [VRFC 10-311] analyzing module design_1_ila_0_0_xsdbs_v1_0_2_reg__parameterized41
INFO: [VRFC 10-311] analyzing module design_1_ila_0_0_xsdbs_v1_0_2_reg__parameterized43
INFO: [VRFC 10-311] analyzing module design_1_ila_0_0_xsdbs_v1_0_2_reg__parameterized46
INFO: [VRFC 10-311] analyzing module design_1_ila_0_0_xsdbs_v1_0_2_reg_ctl
INFO: [VRFC 10-311] analyzing module design_1_ila_0_0_xsdbs_v1_0_2_reg_ctl_12
INFO: [VRFC 10-311] analyzing module design_1_ila_0_0_xsdbs_v1_0_2_reg_ctl_13
INFO: [VRFC 10-311] analyzing module design_1_ila_0_0_xsdbs_v1_0_2_reg_ctl_14
INFO: [VRFC 10-311] analyzing module design_1_ila_0_0_xsdbs_v1_0_2_reg_ctl_15
INFO: [VRFC 10-311] analyzing module design_1_ila_0_0_xsdbs_v1_0_2_reg_ctl_18
INFO: [VRFC 10-311] analyzing module design_1_ila_0_0_xsdbs_v1_0_2_reg_ctl_20
INFO: [VRFC 10-311] analyzing module design_1_ila_0_0_xsdbs_v1_0_2_reg_ctl_21
INFO: [VRFC 10-311] analyzing module design_1_ila_0_0_xsdbs_v1_0_2_reg_ctl_22
INFO: [VRFC 10-311] analyzing module design_1_ila_0_0_xsdbs_v1_0_2_reg_ctl_23
INFO: [VRFC 10-311] analyzing module design_1_ila_0_0_xsdbs_v1_0_2_reg_ctl_24
INFO: [VRFC 10-311] analyzing module design_1_ila_0_0_xsdbs_v1_0_2_reg_ctl__parameterized0
INFO: [VRFC 10-311] analyzing module design_1_ila_0_0_xsdbs_v1_0_2_reg_ctl__parameterized1
INFO: [VRFC 10-311] analyzing module design_1_ila_0_0_xsdbs_v1_0_2_reg_ctl__parameterized1_16
INFO: [VRFC 10-311] analyzing module design_1_ila_0_0_xsdbs_v1_0_2_reg_ctl__parameterized1_19
INFO: [VRFC 10-311] analyzing module design_1_ila_0_0_xsdbs_v1_0_2_reg_p2s
INFO: [VRFC 10-311] analyzing module design_1_ila_0_0_xsdbs_v1_0_2_reg_p2s__parameterized0
INFO: [VRFC 10-311] analyzing module design_1_ila_0_0_xsdbs_v1_0_2_reg_p2s__parameterized1
INFO: [VRFC 10-311] analyzing module design_1_ila_0_0_xsdbs_v1_0_2_reg_p2s__parameterized2
INFO: [VRFC 10-311] analyzing module design_1_ila_0_0_xsdbs_v1_0_2_reg_stat
INFO: [VRFC 10-311] analyzing module design_1_ila_0_0_xsdbs_v1_0_2_reg_stat_10
INFO: [VRFC 10-311] analyzing module design_1_ila_0_0_xsdbs_v1_0_2_reg_stat_11
INFO: [VRFC 10-311] analyzing module design_1_ila_0_0_xsdbs_v1_0_2_reg_stat_17
INFO: [VRFC 10-311] analyzing module design_1_ila_0_0_xsdbs_v1_0_2_reg_stat_25
INFO: [VRFC 10-311] analyzing module design_1_ila_0_0_xsdbs_v1_0_2_reg_stat_9
INFO: [VRFC 10-311] analyzing module design_1_ila_0_0_xsdbs_v1_0_2_reg_stream
INFO: [VRFC 10-311] analyzing module design_1_ila_0_0_xsdbs_v1_0_2_reg_stream__parameterized0
INFO: [VRFC 10-311] analyzing module design_1_ila_0_0_xsdbs_v1_0_2_xsdbs
INFO: [VRFC 10-311] analyzing module design_1_vio_0_0_vio_v3_0_19_decoder
INFO: [VRFC 10-311] analyzing module design_1_vio_0_0_vio_v3_0_19_probe_in_one
INFO: [VRFC 10-311] analyzing module design_1_vio_0_0_vio_v3_0_19_probe_out_all
INFO: [VRFC 10-311] analyzing module design_1_vio_0_0_vio_v3_0_19_probe_out_one
INFO: [VRFC 10-311] analyzing module design_1_vio_0_0_vio_v3_0_19_vio
INFO: [VRFC 10-311] analyzing module design_1_vio_0_0_xsdbs_v1_0_2_xsdbs
INFO: [VRFC 10-311] analyzing module design_1_blk_mem_gen_0_0_blk_mem_gen_generic_cstr
INFO: [VRFC 10-311] analyzing module design_1_blk_mem_gen_0_0_blk_mem_gen_mux
INFO: [VRFC 10-311] analyzing module design_1_blk_mem_gen_0_0_blk_mem_gen_prim_width
INFO: [VRFC 10-311] analyzing module design_1_blk_mem_gen_0_0_blk_mem_gen_prim_width__parameterized0
INFO: [VRFC 10-311] analyzing module design_1_blk_mem_gen_0_0_blk_mem_gen_prim_width__parameterized1
INFO: [VRFC 10-311] analyzing module design_1_blk_mem_gen_0_0_blk_mem_gen_prim_width__parameterized10
INFO: [VRFC 10-311] analyzing module design_1_blk_mem_gen_0_0_blk_mem_gen_prim_width__parameterized11
INFO: [VRFC 10-311] analyzing module design_1_blk_mem_gen_0_0_blk_mem_gen_prim_width__parameterized12
INFO: [VRFC 10-311] analyzing module design_1_blk_mem_gen_0_0_blk_mem_gen_prim_width__parameterized13
INFO: [VRFC 10-311] analyzing module design_1_blk_mem_gen_0_0_blk_mem_gen_prim_width__parameterized14
INFO: [VRFC 10-311] analyzing module design_1_blk_mem_gen_0_0_blk_mem_gen_prim_width__parameterized15
INFO: [VRFC 10-311] analyzing module design_1_blk_mem_gen_0_0_blk_mem_gen_prim_width__parameterized16
INFO: [VRFC 10-311] analyzing module design_1_blk_mem_gen_0_0_blk_mem_gen_prim_width__parameterized17
INFO: [VRFC 10-311] analyzing module design_1_blk_mem_gen_0_0_blk_mem_gen_prim_width__parameterized18
INFO: [VRFC 10-311] analyzing module design_1_blk_mem_gen_0_0_blk_mem_gen_prim_width__parameterized19
INFO: [VRFC 10-311] analyzing module design_1_blk_mem_gen_0_0_blk_mem_gen_prim_width__parameterized2
INFO: [VRFC 10-311] analyzing module design_1_blk_mem_gen_0_0_blk_mem_gen_prim_width__parameterized20
INFO: [VRFC 10-311] analyzing module design_1_blk_mem_gen_0_0_blk_mem_gen_prim_width__parameterized21
INFO: [VRFC 10-311] analyzing module design_1_blk_mem_gen_0_0_blk_mem_gen_prim_width__parameterized22
INFO: [VRFC 10-311] analyzing module design_1_blk_mem_gen_0_0_blk_mem_gen_prim_width__parameterized23
INFO: [VRFC 10-311] analyzing module design_1_blk_mem_gen_0_0_blk_mem_gen_prim_width__parameterized24
INFO: [VRFC 10-311] analyzing module design_1_blk_mem_gen_0_0_blk_mem_gen_prim_width__parameterized25
INFO: [VRFC 10-311] analyzing module design_1_blk_mem_gen_0_0_blk_mem_gen_prim_width__parameterized26
INFO: [VRFC 10-311] analyzing module design_1_blk_mem_gen_0_0_blk_mem_gen_prim_width__parameterized27
INFO: [VRFC 10-311] analyzing module design_1_blk_mem_gen_0_0_blk_mem_gen_prim_width__parameterized28
INFO: [VRFC 10-311] analyzing module design_1_blk_mem_gen_0_0_blk_mem_gen_prim_width__parameterized29
INFO: [VRFC 10-311] analyzing module design_1_blk_mem_gen_0_0_blk_mem_gen_prim_width__parameterized3
INFO: [VRFC 10-311] analyzing module design_1_blk_mem_gen_0_0_blk_mem_gen_prim_width__parameterized30
INFO: [VRFC 10-311] analyzing module design_1_blk_mem_gen_0_0_blk_mem_gen_prim_width__parameterized4
INFO: [VRFC 10-311] analyzing module design_1_blk_mem_gen_0_0_blk_mem_gen_prim_width__parameterized5
INFO: [VRFC 10-311] analyzing module design_1_blk_mem_gen_0_0_blk_mem_gen_prim_width__parameterized6
INFO: [VRFC 10-311] analyzing module design_1_blk_mem_gen_0_0_blk_mem_gen_prim_width__parameterized7
INFO: [VRFC 10-311] analyzing module design_1_blk_mem_gen_0_0_blk_mem_gen_prim_width__parameterized8
INFO: [VRFC 10-311] analyzing module design_1_blk_mem_gen_0_0_blk_mem_gen_prim_width__parameterized9
INFO: [VRFC 10-311] analyzing module design_1_blk_mem_gen_0_0_blk_mem_gen_prim_wrapper_init
INFO: [VRFC 10-311] analyzing module design_1_blk_mem_gen_0_0_blk_mem_gen_prim_wrapper_init__parameterized0
INFO: [VRFC 10-311] analyzing module design_1_blk_mem_gen_0_0_blk_mem_gen_prim_wrapper_init__parameterized1
INFO: [VRFC 10-311] analyzing module design_1_blk_mem_gen_0_0_blk_mem_gen_prim_wrapper_init__parameterized10
INFO: [VRFC 10-311] analyzing module design_1_blk_mem_gen_0_0_blk_mem_gen_prim_wrapper_init__parameterized11
INFO: [VRFC 10-311] analyzing module design_1_blk_mem_gen_0_0_blk_mem_gen_prim_wrapper_init__parameterized12
INFO: [VRFC 10-311] analyzing module design_1_blk_mem_gen_0_0_blk_mem_gen_prim_wrapper_init__parameterized13
INFO: [VRFC 10-311] analyzing module design_1_blk_mem_gen_0_0_blk_mem_gen_prim_wrapper_init__parameterized14
INFO: [VRFC 10-311] analyzing module design_1_blk_mem_gen_0_0_blk_mem_gen_prim_wrapper_init__parameterized15
INFO: [VRFC 10-311] analyzing module design_1_blk_mem_gen_0_0_blk_mem_gen_prim_wrapper_init__parameterized16
INFO: [VRFC 10-311] analyzing module design_1_blk_mem_gen_0_0_blk_mem_gen_prim_wrapper_init__parameterized17
INFO: [VRFC 10-311] analyzing module design_1_blk_mem_gen_0_0_blk_mem_gen_prim_wrapper_init__parameterized18
INFO: [VRFC 10-311] analyzing module design_1_blk_mem_gen_0_0_blk_mem_gen_prim_wrapper_init__parameterized19
INFO: [VRFC 10-311] analyzing module design_1_blk_mem_gen_0_0_blk_mem_gen_prim_wrapper_init__parameterized2
INFO: [VRFC 10-311] analyzing module design_1_blk_mem_gen_0_0_blk_mem_gen_prim_wrapper_init__parameterized20
INFO: [VRFC 10-311] analyzing module design_1_blk_mem_gen_0_0_blk_mem_gen_prim_wrapper_init__parameterized21
INFO: [VRFC 10-311] analyzing module design_1_blk_mem_gen_0_0_blk_mem_gen_prim_wrapper_init__parameterized22
INFO: [VRFC 10-311] analyzing module design_1_blk_mem_gen_0_0_blk_mem_gen_prim_wrapper_init__parameterized23
INFO: [VRFC 10-311] analyzing module design_1_blk_mem_gen_0_0_blk_mem_gen_prim_wrapper_init__parameterized24
INFO: [VRFC 10-311] analyzing module design_1_blk_mem_gen_0_0_blk_mem_gen_prim_wrapper_init__parameterized25
INFO: [VRFC 10-311] analyzing module design_1_blk_mem_gen_0_0_blk_mem_gen_prim_wrapper_init__parameterized26
INFO: [VRFC 10-311] analyzing module design_1_blk_mem_gen_0_0_blk_mem_gen_prim_wrapper_init__parameterized27
INFO: [VRFC 10-311] analyzing module design_1_blk_mem_gen_0_0_blk_mem_gen_prim_wrapper_init__parameterized28
INFO: [VRFC 10-311] analyzing module design_1_blk_mem_gen_0_0_blk_mem_gen_prim_wrapper_init__parameterized29
INFO: [VRFC 10-311] analyzing module design_1_blk_mem_gen_0_0_blk_mem_gen_prim_wrapper_init__parameterized3
INFO: [VRFC 10-311] analyzing module design_1_blk_mem_gen_0_0_blk_mem_gen_prim_wrapper_init__parameterized30
INFO: [VRFC 10-311] analyzing module design_1_blk_mem_gen_0_0_blk_mem_gen_prim_wrapper_init__parameterized4
INFO: [VRFC 10-311] analyzing module design_1_blk_mem_gen_0_0_blk_mem_gen_prim_wrapper_init__parameterized5
INFO: [VRFC 10-311] analyzing module design_1_blk_mem_gen_0_0_blk_mem_gen_prim_wrapper_init__parameterized6
INFO: [VRFC 10-311] analyzing module design_1_blk_mem_gen_0_0_blk_mem_gen_prim_wrapper_init__parameterized7
INFO: [VRFC 10-311] analyzing module design_1_blk_mem_gen_0_0_blk_mem_gen_prim_wrapper_init__parameterized8
INFO: [VRFC 10-311] analyzing module design_1_blk_mem_gen_0_0_blk_mem_gen_prim_wrapper_init__parameterized9
INFO: [VRFC 10-311] analyzing module design_1_blk_mem_gen_0_0_blk_mem_gen_top
INFO: [VRFC 10-311] analyzing module design_1_blk_mem_gen_0_0_blk_mem_gen_v8_4_4
INFO: [VRFC 10-311] analyzing module design_1_blk_mem_gen_0_0_blk_mem_gen_v8_4_4_synth
INFO: [VRFC 10-311] analyzing module design_1_ila_0_0_blk_mem_gen_v8_4_4
INFO: [VRFC 10-311] analyzing module design_1_ila_0_0_blk_mem_gen_v8_4_4_blk_mem_gen_generic_cstr
INFO: [VRFC 10-311] analyzing module design_1_ila_0_0_blk_mem_gen_v8_4_4_blk_mem_gen_prim_width
INFO: [VRFC 10-311] analyzing module design_1_ila_0_0_blk_mem_gen_v8_4_4_blk_mem_gen_prim_wrapper
INFO: [VRFC 10-311] analyzing module design_1_ila_0_0_blk_mem_gen_v8_4_4_blk_mem_gen_top
INFO: [VRFC 10-311] analyzing module design_1_ila_0_0_blk_mem_gen_v8_4_4_synth
INFO: [VRFC 10-311] analyzing module glbl
INFO: [VRFC 10-2263] Analyzing Verilog file "C:/IITB/VLSI DESIGN LAB/vivado/vivadofiles/axi4lite_part_b/axi4lite_part_b.srcs/sim_1/new/partb_tb.v" into library xil_defaultlib
INFO: [VRFC 10-311] analyzing module axi4lite_tb
